2024-08-15T05:16:58.783Z [[32minfo[39m] [class ControllerFactory {
    static Build(controllerClass, option) {
        return __awaiter(this, void 0, void 0, function* () {
            this.Logger.info(`Building Controller of class ${controllerClass.name}`);
            const controller = new controllerClass();
            this.Logger.info(`Initializing Controller ${controllerClass.name}`);
            yield controller.initController();
            this.Logger.info(`Initialized Controller ${controllerClass.name}`);
            return controller;
        });
    }
}]: Building Controller of class WorkspaceController
2024-08-15T05:16:58.787Z [[32minfo[39m] [[object Object]]: Initializing Workspace Controller
2024-08-15T05:16:58.786Z [[32minfo[39m] [class ControllerFactory {
    static Build(controllerClass, option) {
        return __awaiter(this, void 0, void 0, function* () {
            this.Logger.info(`Building Controller of class ${controllerClass.name}`);
            const controller = new controllerClass();
            this.Logger.info(`Initializing Controller ${controllerClass.name}`);
            yield controller.initController();
            this.Logger.info(`Initialized Controller ${controllerClass.name}`);
            return controller;
        });
    }
}]: Initializing Controller WorkspaceController
2024-08-15T05:16:59.051Z [[32minfo[39m] [class ControllerFactory {
    static Build(controllerClass, option) {
        return __awaiter(this, void 0, void 0, function* () {
            this.Logger.info(`Building Controller of class ${controllerClass.name}`);
            const controller = new controllerClass();
            this.Logger.info(`Initializing Controller ${controllerClass.name}`);
            yield controller.initController();
            this.Logger.info(`Initialized Controller ${controllerClass.name}`);
            return controller;
        });
    }
}]: Initialized Controller WorkspaceController
2024-08-15T05:16:59.051Z [[32minfo[39m] [[object Object]]: Initialized Workspace Controller
2024-08-15T05:25:05.371Z [[32minfo[39m] [Function-0]: Building Controller of class WorkspaceController
2024-08-15T05:25:05.374Z [[32minfo[39m] [WorkspaceController-0]: Initializing Workspace Controller
2024-08-15T05:25:05.374Z [[32minfo[39m] [Function-0]: Initializing Controller WorkspaceController
2024-08-15T05:25:05.387Z [[32minfo[39m] [Function-0]: Initialized Controller WorkspaceController
2024-08-15T05:25:05.386Z [[32minfo[39m] [WorkspaceController-0]: Initialized Workspace Controller
2024-08-15T05:26:46.077Z [[32minfo[39m] [ControllerFactory-0]: Building Controller of class WorkspaceController
2024-08-15T05:26:46.080Z [[32minfo[39m] [WorkspaceController-0]: Initializing Workspace Controller
2024-08-15T05:26:46.080Z [[32minfo[39m] [ControllerFactory-0]: Initializing Controller WorkspaceController
2024-08-15T05:26:46.093Z [[32minfo[39m] [ControllerFactory-0]: Initialized Controller WorkspaceController
2024-08-15T05:26:46.093Z [[32minfo[39m] [WorkspaceController-0]: Initialized Workspace Controller
2024-08-15T05:29:05.449Z [[32minfo[39m] [ControllerFactory-0]: Building Controller of class WorkspaceController
2024-08-15T05:29:05.452Z [[32minfo[39m] [WorkspaceController-0]: Initializing Workspace Controller
2024-08-15T05:29:05.454Z [[32minfo[39m] [PouchDb-0]: Initializing PouchDb
2024-08-15T05:29:05.452Z [[32minfo[39m] [ControllerFactory-0]: Initializing Controller WorkspaceController
2024-08-15T05:29:05.466Z [[32minfo[39m] [ControllerFactory-0]: Initialized Controller WorkspaceController
2024-08-15T05:29:05.466Z [[32minfo[39m] [WorkspaceController-0]: Initialized Workspace Controller
2024-08-15T05:29:05.463Z [[32minfo[39m] [PouchDb-0]: Initialized PouchDb
2024-08-15T05:43:29.499Z [[32minfo[39m] [ControllerFactory-0]: Building Controller of class WorkspaceController
2024-08-15T05:43:29.505Z [[32minfo[39m] [DatabaseFactory-0]: Building Database Adapter with option undefined
2024-08-15T05:43:29.503Z [[32minfo[39m] [WorkspaceFactory-0]: Building Workspace Service with option undefined
2024-08-15T05:43:29.503Z [[32minfo[39m] [WorkspaceController-0]: Initializing Workspace Controller
2024-08-15T05:43:29.505Z [[32minfo[39m] [WorkspaceService-0]: Initializing Workspace Service
2024-08-15T05:43:29.507Z [[32minfo[39m] [PouchDb-0]: Initializing PouchDb
2024-08-15T05:43:29.502Z [[32minfo[39m] [ControllerFactory-0]: Initializing Controller WorkspaceController
2024-08-15T05:43:29.520Z [[32minfo[39m] [ControllerFactory-0]: Initialized Controller WorkspaceController
2024-08-15T05:43:29.505Z [[32minfo[39m] [DatabaseFactory-0]: Building PouchDb Adapter
2024-08-15T05:43:29.506Z [[32minfo[39m] [DatabaseFactory-0]: Initializing PouchDb Adapter
2024-08-15T05:43:29.519Z [[32minfo[39m] [DatabaseFactory-0]: Initialized PouchDb Adapter
2024-08-15T05:43:29.504Z [[32minfo[39m] [WorkspaceFactory-0]: Initializing Workspace service
2024-08-15T05:43:29.520Z [[32minfo[39m] [WorkspaceFactory-0]: Initialized Workspace Service
2024-08-15T05:43:29.520Z [[32minfo[39m] [WorkspaceController-0]: Initialized Workspace Controller
2024-08-15T05:43:29.520Z [[32minfo[39m] [WorkspaceService-0]: Initialized Workspace Service
2024-08-15T05:43:29.517Z [[32minfo[39m] [PouchDb-0]: Initialized PouchDb
2024-08-15T05:46:57.155Z [info] [ControllerFactory-0]: Building Controller of class WorkspaceController
2024-08-15T05:46:57.160Z [info] [DatabaseFactory-0]: Building Database Adapter with option undefined
2024-08-15T05:46:57.158Z [info] [WorkspaceFactory-0]: Building Workspace Service with option undefined
2024-08-15T05:46:57.158Z [info] [WorkspaceController-0]: Initializing Workspace Controller
2024-08-15T05:46:57.159Z [info] [WorkspaceService-0]: Initializing Workspace Service
2024-08-15T05:46:57.162Z [info] [PouchDb-0]: Initializing PouchDb
2024-08-15T05:46:57.158Z [info] [ControllerFactory-0]: Initializing Controller WorkspaceController
2024-08-15T05:46:57.175Z [info] [ControllerFactory-0]: Initialized Controller WorkspaceController
2024-08-15T05:46:57.160Z [info] [DatabaseFactory-0]: Building PouchDb Adapter
2024-08-15T05:46:57.161Z [info] [DatabaseFactory-0]: Initializing PouchDb Adapter
2024-08-15T05:46:57.174Z [info] [DatabaseFactory-0]: Initialized PouchDb Adapter
2024-08-15T05:46:57.159Z [info] [WorkspaceFactory-0]: Initializing Workspace service
2024-08-15T05:46:57.175Z [info] [WorkspaceFactory-0]: Initialized Workspace Service
2024-08-15T05:46:57.175Z [info] [WorkspaceController-0]: Initialized Workspace Controller
2024-08-15T05:46:57.174Z [info] [WorkspaceService-0]: Initialized Workspace Service
2024-08-15T05:46:57.171Z [info] [PouchDb-0]: Initialized PouchDb
2024-08-15T05:48:13.838Z [info] [ControllerFactory-0]: Building Controller of class WorkspaceController
2024-08-15T05:48:13.846Z [info] [DatabaseFactory-0]: Building Database Adapter with option undefined
2024-08-15T05:48:13.843Z [info] [WorkspaceFactory-0]: Building Workspace Service with option undefined
2024-08-15T05:48:13.843Z [info] [WorkspaceController-0]: Initializing Workspace Controller
2024-08-15T05:48:13.845Z [info] [WorkspaceService-0]: Initializing Workspace Service
2024-08-15T05:48:13.848Z [info] [PouchDb-0]: Initializing PouchDb
2024-08-15T05:48:13.842Z [info] [ControllerFactory-0]: Initializing Controller WorkspaceController
2024-08-15T05:48:13.862Z [info] [ControllerFactory-0]: Initialized Controller WorkspaceController
2024-08-15T05:48:13.846Z [info] [DatabaseFactory-0]: Building PouchDb Adapter
2024-08-15T05:48:13.847Z [info] [DatabaseFactory-0]: Initializing PouchDb Adapter
2024-08-15T05:48:13.860Z [info] [DatabaseFactory-0]: Initialized PouchDb Adapter
2024-08-15T05:48:13.844Z [info] [WorkspaceFactory-0]: Initializing Workspace service
2024-08-15T05:48:13.861Z [info] [WorkspaceFactory-0]: Initialized Workspace Service
2024-08-15T05:48:13.862Z [info] [WorkspaceController-0]: Initialized Workspace Controller
2024-08-15T05:48:13.861Z [info] [WorkspaceService-0]: Initialized Workspace Service
2024-08-15T05:48:13.858Z [info] [PouchDb-0]: Initialized PouchDb
