2024-08-15T05:43:29.499Z [[32minfo[39m] [ControllerFactory-0]: Building Controller of class WorkspaceController
2024-08-15T05:43:29.505Z [[32minfo[39m] [DatabaseFactory-0]: Building Database Adapter with option undefined
2024-08-15T05:43:29.503Z [[32minfo[39m] [WorkspaceFactory-0]: Building Workspace Service with option undefined
2024-08-15T05:43:29.503Z [[32minfo[39m] [WorkspaceController-0]: Initializing Workspace Controller
2024-08-15T05:43:29.505Z [[32minfo[39m] [WorkspaceService-0]: Initializing Workspace Service
2024-08-15T05:43:29.507Z [[32minfo[39m] [PouchDb-0]: Initializing PouchDb
2024-08-15T05:43:29.502Z [[32minfo[39m] [ControllerFactory-0]: Initializing Controller WorkspaceController
2024-08-15T05:43:29.520Z [[32minfo[39m] [ControllerFactory-0]: Initialized Controller WorkspaceController
2024-08-15T05:43:29.505Z [[32minfo[39m] [DatabaseFactory-0]: Building PouchDb Adapter
2024-08-15T05:43:29.504Z [[32minfo[39m] [WorkspaceFactory-0]: Initializing Workspace service
2024-08-15T05:43:29.520Z [[32minfo[39m] [WorkspaceController-0]: Initialized Workspace Controller
2024-08-15T05:43:29.506Z [[32minfo[39m] [DatabaseFactory-0]: Initializing PouchDb Adapter
2024-08-15T05:43:29.520Z [[32minfo[39m] [WorkspaceFactory-0]: Initialized Workspace Service
2024-08-15T05:43:29.520Z [[32minfo[39m] [WorkspaceService-0]: Initialized Workspace Service
2024-08-15T05:43:29.519Z [[32minfo[39m] [DatabaseFactory-0]: Initialized PouchDb Adapter
2024-08-15T05:43:29.517Z [[32minfo[39m] [PouchDb-0]: Initialized PouchDb
2024-08-15T05:46:57.155Z [info] [ControllerFactory-0]: Building Controller of class WorkspaceController
2024-08-15T05:46:57.160Z [info] [DatabaseFactory-0]: Building Database Adapter with option undefined
2024-08-15T05:46:57.158Z [info] [WorkspaceFactory-0]: Building Workspace Service with option undefined
2024-08-15T05:46:57.158Z [info] [WorkspaceController-0]: Initializing Workspace Controller
2024-08-15T05:46:57.159Z [info] [WorkspaceService-0]: Initializing Workspace Service
2024-08-15T05:46:57.162Z [info] [PouchDb-0]: Initializing PouchDb
2024-08-15T05:46:57.158Z [info] [ControllerFactory-0]: Initializing Controller WorkspaceController
2024-08-15T05:46:57.175Z [info] [ControllerFactory-0]: Initialized Controller WorkspaceController
2024-08-15T05:46:57.160Z [info] [DatabaseFactory-0]: Building PouchDb Adapter
2024-08-15T05:46:57.161Z [info] [DatabaseFactory-0]: Initializing PouchDb Adapter
2024-08-15T05:46:57.174Z [info] [DatabaseFactory-0]: Initialized PouchDb Adapter
2024-08-15T05:46:57.159Z [info] [WorkspaceFactory-0]: Initializing Workspace service
2024-08-15T05:46:57.175Z [info] [WorkspaceFactory-0]: Initialized Workspace Service
2024-08-15T05:46:57.175Z [info] [WorkspaceController-0]: Initialized Workspace Controller
2024-08-15T05:46:57.174Z [info] [WorkspaceService-0]: Initialized Workspace Service
2024-08-15T05:46:57.171Z [info] [PouchDb-0]: Initialized PouchDb
2024-08-15T05:46:59.704Z [request] [WorkspaceService-0]: Create Workspace Called with Payload [object Object]
2024-08-15T05:46:59.728Z [request] [WorkspaceService-0]: Created New Workspace. Dispatching event [object Object]
2024-08-15T05:48:13.838Z [info] [ControllerFactory-0]: Building Controller of class WorkspaceController
2024-08-15T05:48:13.846Z [info] [DatabaseFactory-0]: Building Database Adapter with option undefined
2024-08-15T05:48:13.843Z [info] [WorkspaceFactory-0]: Building Workspace Service with option undefined
2024-08-15T05:48:13.843Z [info] [WorkspaceController-0]: Initializing Workspace Controller
2024-08-15T05:48:13.845Z [info] [WorkspaceService-0]: Initializing Workspace Service
2024-08-15T05:48:13.848Z [info] [PouchDb-0]: Initializing PouchDb
2024-08-15T05:48:13.842Z [info] [ControllerFactory-0]: Initializing Controller WorkspaceController
2024-08-15T05:48:13.862Z [info] [ControllerFactory-0]: Initialized Controller WorkspaceController
2024-08-15T05:48:13.846Z [info] [DatabaseFactory-0]: Building PouchDb Adapter
2024-08-15T05:48:13.847Z [info] [DatabaseFactory-0]: Initializing PouchDb Adapter
2024-08-15T05:48:13.860Z [info] [DatabaseFactory-0]: Initialized PouchDb Adapter
2024-08-15T05:48:13.844Z [info] [WorkspaceFactory-0]: Initializing Workspace service
2024-08-15T05:48:13.861Z [info] [WorkspaceFactory-0]: Initialized Workspace Service
2024-08-15T05:48:13.862Z [info] [WorkspaceController-0]: Initialized Workspace Controller
2024-08-15T05:48:13.861Z [info] [WorkspaceService-0]: Initialized Workspace Service
2024-08-15T05:48:13.858Z [info] [PouchDb-0]: Initialized PouchDb
2024-08-15T05:48:33.278Z [request] [WorkspaceService-0]: Create Workspace Called with Payload [object Object]
2024-08-15T05:48:33.283Z [request] [WorkspaceService-0]: Created New Workspace. Dispatching event [object Object]
