[ControllerFactory-1] : [Controller] : [Building Controller of class WorkspaceController] : [2024-08-15T08:23:39.563Z]
[ControllerFactory-1] : [Controller] : [Initializing Controller WorkspaceController] : [2024-08-15T08:23:39.565Z]
[WorkspaceController-1] : [Controller] : [Initializing Workspace Controller] : [2024-08-15T08:23:39.565Z]
[WorkspaceController-1] : [Controller] : [Initialized Workspace Controller] : [2024-08-15T08:23:39.582Z]
[ControllerFactory-1] : [Controller] : [Initialized Controller WorkspaceController] : [2024-08-15T08:23:39.583Z]
[ControllerFactory-1] : [Controller] : [Building Controller of class WorkspaceController] : [2024-08-15T08:37:35.929Z]
[ControllerFactory-1] : [Controller] : [Initializing Controller WorkspaceController] : [2024-08-15T08:37:35.931Z]
[WorkspaceController-1] : [Controller] : [Initializing Workspace Controller] : [2024-08-15T08:37:35.932Z]
[WorkspaceController-1] : [Controller] : [Initialized Workspace Controller] : [2024-08-15T08:37:35.949Z]
[ControllerFactory-1] : [Controller] : [Initialized Controller WorkspaceController] : [2024-08-15T08:37:35.949Z]
[ControllerFactory-1] : [Controller] : [Building Controller of class WorkspaceController] : [2024-08-15T08:38:32.051Z]
[ControllerFactory-1] : [Controller] : [Initializing Controller WorkspaceController] : [2024-08-15T08:38:32.053Z]
[WorkspaceController-1] : [Controller] : [Initializing Workspace Controller] : [2024-08-15T08:38:32.053Z]
[WorkspaceController-1] : [Controller] : [Initialized Workspace Controller] : [2024-08-15T08:38:32.070Z]
[ControllerFactory-1] : [Controller] : [Initialized Controller WorkspaceController] : [2024-08-15T08:38:32.070Z]
[WorkspaceController-1] : [Controller] : [Getting workspaces list] : [2024-08-15T08:38:37.613Z]
[ControllerFactory-1] : [Controller] : [Building Controller of class WorkspaceController] : [2024-08-15T08:39:07.696Z]
[ControllerFactory-1] : [Controller] : [Initializing Controller WorkspaceController] : [2024-08-15T08:39:07.698Z]
[WorkspaceController-1] : [Controller] : [Initializing Workspace Controller] : [2024-08-15T08:39:07.698Z]
[WorkspaceController-1] : [Controller] : [Initialized Workspace Controller] : [2024-08-15T08:39:07.751Z]
[ControllerFactory-1] : [Controller] : [Initialized Controller WorkspaceController] : [2024-08-15T08:39:07.751Z]
[WorkspaceController-1] : [Controller] : [Getting workspaces list] : [2024-08-15T08:39:12.954Z]
[WorkspaceController-1] : [Controller] : [{}] : [2024-08-15T08:39:12.955Z]
[WorkspaceController-1] : [Controller] : [Getting workspaces list] : [2024-08-15T08:39:32.558Z]
[WorkspaceController-1] : [Controller] : [{}] : [2024-08-15T08:39:32.559Z]
[ControllerFactory-1] : [Controller] : [Building Controller of class WorkspaceController] : [2024-08-15T08:41:49.621Z]
[ControllerFactory-1] : [Controller] : [Initializing Controller WorkspaceController] : [2024-08-15T08:41:49.624Z]
[WorkspaceController-1] : [Controller] : [Initializing Workspace Controller] : [2024-08-15T08:41:49.624Z]
[WorkspaceController-1] : [Controller] : [Initialized Workspace Controller] : [2024-08-15T08:41:49.641Z]
[ControllerFactory-1] : [Controller] : [Initialized Controller WorkspaceController] : [2024-08-15T08:41:49.641Z]
[WorkspaceController-1] : [Controller] : [Getting workspaces list] : [2024-08-15T08:41:54.254Z]
[WorkspaceController-1] : [Controller] : [{}] : [2024-08-15T08:41:54.256Z]
[WorkspaceController-1] : [Controller] : [Getting workspaces list] : [2024-08-15T08:42:12.897Z]
[WorkspaceController-1] : [Controller] : [{}] : [2024-08-15T08:42:12.898Z]
[ControllerFactory-1] : [Controller] : [Building Controller of class WorkspaceController] : [2024-08-15T08:45:21.453Z]
[ControllerFactory-1] : [Controller] : [Initializing Controller WorkspaceController] : [2024-08-15T08:45:21.455Z]
[WorkspaceController-1] : [Controller] : [Initializing Workspace Controller] : [2024-08-15T08:45:21.455Z]
[WorkspaceController-1] : [Controller] : [Initialized Workspace Controller] : [2024-08-15T08:45:21.472Z]
[ControllerFactory-1] : [Controller] : [Initialized Controller WorkspaceController] : [2024-08-15T08:45:21.472Z]
[WorkspaceController-1] : [Controller] : [Getting workspaces list] : [2024-08-15T08:45:23.985Z]
[WorkspaceController-1] : [Controller] : [{}] : [2024-08-15T08:45:23.986Z]
[ControllerFactory-1] : [Controller] : [Building Controller of class WorkspaceController] : [2024-08-15T08:46:18.210Z]
[ControllerFactory-1] : [Controller] : [Initializing Controller WorkspaceController] : [2024-08-15T08:46:18.212Z]
[WorkspaceController-1] : [Controller] : [Initializing Workspace Controller] : [2024-08-15T08:46:18.212Z]
[WorkspaceController-1] : [Controller] : [Initialized Workspace Controller] : [2024-08-15T08:46:18.229Z]
[ControllerFactory-1] : [Controller] : [Initialized Controller WorkspaceController] : [2024-08-15T08:46:18.229Z]
[WorkspaceController-1] : [Controller] : [Getting workspaces list] : [2024-08-15T08:46:20.544Z]
[WorkspaceController-1] : [Controller] : [{}] : [2024-08-15T08:46:20.545Z]
[ControllerFactory-1] : [Controller] : [Building Controller of class WorkspaceController] : [2024-08-15T08:51:28.666Z]
[ControllerFactory-1] : [Controller] : [Initializing Controller WorkspaceController] : [2024-08-15T08:51:28.668Z]
[WorkspaceController-1] : [Controller] : [Initializing Workspace Controller] : [2024-08-15T08:51:28.668Z]
[WorkspaceController-1] : [Controller] : [Initialized Workspace Controller] : [2024-08-15T08:51:28.683Z]
[ControllerFactory-1] : [Controller] : [Initialized Controller WorkspaceController] : [2024-08-15T08:51:28.684Z]
[WorkspaceController-1] : [Controller] : [Getting workspaces list] : [2024-08-15T08:51:30.290Z]
[WorkspaceController-1] : [Controller] : [{}] : [2024-08-15T08:51:30.292Z]
[ControllerFactory-1] : [Controller] : [Building Controller of class WorkspaceController] : [2024-08-15T08:54:02.339Z]
[ControllerFactory-1] : [Controller] : [Initializing Controller WorkspaceController] : [2024-08-15T08:54:02.342Z]
[WorkspaceController-1] : [Controller] : [Initializing Workspace Controller] : [2024-08-15T08:54:02.342Z]
[WorkspaceController-1] : [Controller] : [Initialized Workspace Controller] : [2024-08-15T08:54:02.357Z]
[ControllerFactory-1] : [Controller] : [Initialized Controller WorkspaceController] : [2024-08-15T08:54:02.358Z]
[WorkspaceController-1] : [Controller] : [Getting workspaces list] : [2024-08-15T08:54:04.321Z]
[WorkspaceController-1] : [Controller] : [{}] : [2024-08-15T08:54:04.323Z]
[ControllerFactory-1] : [Controller] : [Building Controller of class WorkspaceController] : [2024-08-15T08:55:53.052Z]
[ControllerFactory-1] : [Controller] : [Initializing Controller WorkspaceController] : [2024-08-15T08:55:53.054Z]
[WorkspaceController-1] : [Controller] : [Initializing Workspace Controller] : [2024-08-15T08:55:53.055Z]
[WorkspaceController-1] : [Controller] : [Initialized Workspace Controller] : [2024-08-15T08:55:53.071Z]
[ControllerFactory-1] : [Controller] : [Initialized Controller WorkspaceController] : [2024-08-15T08:55:53.071Z]
[WorkspaceController-1] : [Controller] : [Getting workspaces list] : [2024-08-15T08:55:55.213Z]
[WorkspaceController-1] : [Controller] : [Retreived workspaces : [{"name":"1","desc":"this is the desc","created":"2024-08-15T08:39:25.664Z","updated":"2024-08-15T08:39:25.664Z"},{"name":"2","desc":"this is the desc","created":"2024-08-15T08:39:29.237Z","updated":"2024-08-15T08:39:29.237Z"},{"name":"3","desc":"this is the desc","created":"2024-08-15T08:42:09.651Z","updated":"2024-08-15T08:42:09.651Z"}]] : [2024-08-15T08:55:55.223Z]
[WorkspaceController-1] : [Controller] : [Getting workspaces list] : [2024-08-15T08:56:09.219Z]
[WorkspaceController-1] : [Controller] : [Retreived workspaces : [{"name":"1","desc":"this is the desc","created":"2024-08-15T08:39:25.664Z","updated":"2024-08-15T08:39:25.664Z"},{"name":"2","desc":"this is the desc","created":"2024-08-15T08:39:29.237Z","updated":"2024-08-15T08:39:29.237Z"},{"name":"3","desc":"this is the desc","created":"2024-08-15T08:42:09.651Z","updated":"2024-08-15T08:42:09.651Z"}]] : [2024-08-15T08:56:09.225Z]
[ControllerFactory-1] : [Controller] : [Building Controller of class WorkspaceController] : [2024-08-15T09:00:17.530Z]
[ControllerFactory-1] : [Controller] : [Initializing Controller WorkspaceController] : [2024-08-15T09:00:17.532Z]
[WorkspaceController-1] : [Controller] : [Initializing Workspace Controller] : [2024-08-15T09:00:17.533Z]
[WorkspaceController-1] : [Controller] : [Initialized Workspace Controller] : [2024-08-15T09:00:17.549Z]
[ControllerFactory-1] : [Controller] : [Initialized Controller WorkspaceController] : [2024-08-15T09:00:17.549Z]
[WorkspaceController-1] : [Controller] : [Getting workspaces list with skip=1 and limit=10] : [2024-08-15T09:00:19.397Z]
[WorkspaceController-1] : [Controller] : [Retrieved workspaces: [{"name":"2","desc":"this is the desc","created":"2024-08-15T08:39:29.237Z","updated":"2024-08-15T08:39:29.237Z"},{"name":"3","desc":"this is the desc","created":"2024-08-15T08:42:09.651Z","updated":"2024-08-15T08:42:09.651Z"}]] : [2024-08-15T09:00:19.407Z]
[WorkspaceController-1] : [Controller] : [Getting workspaces list with skip=2 and limit=10] : [2024-08-15T09:00:31.086Z]
[WorkspaceController-1] : [Controller] : [Retrieved workspaces: [{"name":"3","desc":"this is the desc","created":"2024-08-15T08:42:09.651Z","updated":"2024-08-15T08:42:09.651Z"}]] : [2024-08-15T09:00:31.090Z]
