[PouchDb-1] : [Database] : [Initializing PouchDb] : [2024-08-15T08:23:39.569Z]
[PouchDb-1] : [Database] : [Initialized PouchDb] : [2024-08-15T08:23:39.580Z]
[PouchDb-1] : [Database] : [Initializing PouchDb] : [2024-08-15T08:37:35.935Z]
[PouchDb-1] : [Database] : [Initialized PouchDb] : [2024-08-15T08:37:35.946Z]
[PouchDb-1] : [Database] : [Initializing PouchDb] : [2024-08-15T08:38:32.057Z]
[PouchDb-1] : [Database] : [Initialized PouchDb] : [2024-08-15T08:38:32.067Z]
[PouchDb-1] : [Database] : [Initializing PouchDb] : [2024-08-15T08:39:07.702Z]
[PouchDb-1] : [Database] : [Initialized PouchDb] : [2024-08-15T08:39:07.713Z]
[PouchDb-1] : [Database] : [Initializing PouchDb] : [2024-08-15T08:41:49.628Z]
[PouchDb-1] : [Database] : [Initialized PouchDb] : [2024-08-15T08:41:49.638Z]
[PouchDb-1] : [Database] : [Fetching workspaces with skip=0 and limit=10] : [2024-08-15T08:41:54.255Z]
[PouchDb-1] : [Database] : [Fetched 2 workspaces] : [2024-08-15T08:41:54.262Z]
[PouchDb-1] : [Database] : [Mapped 2 workspaces to models] : [2024-08-15T08:41:54.263Z]
[PouchDb-1] : [Database] : [Workspace 3 created successfully] : [2024-08-15T08:42:09.654Z]
[PouchDb-1] : [Database] : [Fetching workspaces with skip=0 and limit=10] : [2024-08-15T08:42:12.898Z]
[PouchDb-1] : [Database] : [Fetched 3 workspaces] : [2024-08-15T08:42:12.900Z]
[PouchDb-1] : [Database] : [Mapped 3 workspaces to models] : [2024-08-15T08:42:12.901Z]
[PouchDb-1] : [Database] : [Initializing PouchDb] : [2024-08-15T08:45:21.459Z]
[PouchDb-1] : [Database] : [Initialized PouchDb] : [2024-08-15T08:45:21.469Z]
[PouchDb-1] : [Database] : [Fetching workspaces with skip=0 and limit=10] : [2024-08-15T08:45:23.986Z]
[PouchDb-1] : [Database] : [Fetched 3 workspaces] : [2024-08-15T08:45:23.996Z]
[PouchDb-1] : [Database] : [Mapped 3 workspaces to models] : [2024-08-15T08:45:23.997Z]
[PouchDb-1] : [Database] : [Initializing PouchDb] : [2024-08-15T08:46:18.216Z]
[PouchDb-1] : [Database] : [Initialized PouchDb] : [2024-08-15T08:46:18.226Z]
[PouchDb-1] : [Database] : [Fetching workspaces with skip=0 and limit=10] : [2024-08-15T08:46:20.545Z]
[PouchDb-1] : [Database] : [Fetched 3 workspaces] : [2024-08-15T08:46:20.553Z]
[PouchDb-1] : [Database] : [Current Row : {"id":"1","key":"1","value":{"rev":"1-3f07179948a8237b74fef00919285638"},"doc":{"name":"1","desc":"this is the desc","created":"2024-08-15T08:39:25.664Z","updated":"2024-08-15T08:39:25.664Z","_id":"1","_rev":"1-3f07179948a8237b74fef00919285638"}}] : [2024-08-15T08:46:20.554Z]
[PouchDb-1] : [Database] : [Current DOC : {"name":"1","desc":"this is the desc","created":"2024-08-15T08:39:25.664Z","updated":"2024-08-15T08:39:25.664Z","_id":"1","_rev":"1-3f07179948a8237b74fef00919285638"}] : [2024-08-15T08:46:20.554Z]
[PouchDb-1] : [Database] : [Current Row : {"id":"2","key":"2","value":{"rev":"1-663f2a3fe7743ba3fd8f7170ca9ea794"},"doc":{"name":"2","desc":"this is the desc","created":"2024-08-15T08:39:29.237Z","updated":"2024-08-15T08:39:29.237Z","_id":"2","_rev":"1-663f2a3fe7743ba3fd8f7170ca9ea794"}}] : [2024-08-15T08:46:20.555Z]
[PouchDb-1] : [Database] : [Current DOC : {"name":"2","desc":"this is the desc","created":"2024-08-15T08:39:29.237Z","updated":"2024-08-15T08:39:29.237Z","_id":"2","_rev":"1-663f2a3fe7743ba3fd8f7170ca9ea794"}] : [2024-08-15T08:46:20.555Z]
[PouchDb-1] : [Database] : [Current Row : {"id":"3","key":"3","value":{"rev":"1-b123eafe27f61bb6effb9586dc3f2430"},"doc":{"name":"3","desc":"this is the desc","created":"2024-08-15T08:42:09.651Z","updated":"2024-08-15T08:42:09.651Z","_id":"3","_rev":"1-b123eafe27f61bb6effb9586dc3f2430"}}] : [2024-08-15T08:46:20.556Z]
[PouchDb-1] : [Database] : [Current DOC : {"name":"3","desc":"this is the desc","created":"2024-08-15T08:42:09.651Z","updated":"2024-08-15T08:42:09.651Z","_id":"3","_rev":"1-b123eafe27f61bb6effb9586dc3f2430"}] : [2024-08-15T08:46:20.556Z]
[PouchDb-1] : [Database] : [Mapped 3 workspaces to models] : [2024-08-15T08:46:20.556Z]
[PouchDb-1] : [Database] : [Initializing PouchDb] : [2024-08-15T08:51:28.671Z]
[PouchDb-1] : [Database] : [Initialized PouchDb] : [2024-08-15T08:51:28.681Z]
[PouchDb-1] : [Database] : [Fetching workspaces with skip=0 and limit=10] : [2024-08-15T08:51:30.291Z]
[PouchDb-1] : [Database] : [Fetched 3 workspaces] : [2024-08-15T08:51:30.299Z]
[PouchDb-1] : [Database] : [Current Row : {"id":"1","key":"1","value":{"rev":"1-3f07179948a8237b74fef00919285638"},"doc":{"name":"1","desc":"this is the desc","created":"2024-08-15T08:39:25.664Z","updated":"2024-08-15T08:39:25.664Z","_id":"1","_rev":"1-3f07179948a8237b74fef00919285638"}}] : [2024-08-15T08:51:30.299Z]
[PouchDb-1] : [Database] : [Current DOC : {"name":"1","desc":"this is the desc","created":"2024-08-15T08:39:25.664Z","updated":"2024-08-15T08:39:25.664Z","_id":"1","_rev":"1-3f07179948a8237b74fef00919285638"}] : [2024-08-15T08:51:30.300Z]
[PouchDb-1] : [Database] : [Parsed doc = {"name":"1","desc":"this is the desc","created":"2024-08-15T08:39:25.664Z","updated":"2024-08-15T08:39:25.664Z"}] : [2024-08-15T08:51:30.300Z]
[PouchDb-1] : [Database] : [Current Row : {"id":"2","key":"2","value":{"rev":"1-663f2a3fe7743ba3fd8f7170ca9ea794"},"doc":{"name":"2","desc":"this is the desc","created":"2024-08-15T08:39:29.237Z","updated":"2024-08-15T08:39:29.237Z","_id":"2","_rev":"1-663f2a3fe7743ba3fd8f7170ca9ea794"}}] : [2024-08-15T08:51:30.301Z]
[PouchDb-1] : [Database] : [Current DOC : {"name":"2","desc":"this is the desc","created":"2024-08-15T08:39:29.237Z","updated":"2024-08-15T08:39:29.237Z","_id":"2","_rev":"1-663f2a3fe7743ba3fd8f7170ca9ea794"}] : [2024-08-15T08:51:30.301Z]
[PouchDb-1] : [Database] : [Parsed doc = {"name":"2","desc":"this is the desc","created":"2024-08-15T08:39:29.237Z","updated":"2024-08-15T08:39:29.237Z"}] : [2024-08-15T08:51:30.301Z]
[PouchDb-1] : [Database] : [Current Row : {"id":"3","key":"3","value":{"rev":"1-b123eafe27f61bb6effb9586dc3f2430"},"doc":{"name":"3","desc":"this is the desc","created":"2024-08-15T08:42:09.651Z","updated":"2024-08-15T08:42:09.651Z","_id":"3","_rev":"1-b123eafe27f61bb6effb9586dc3f2430"}}] : [2024-08-15T08:51:30.301Z]
[PouchDb-1] : [Database] : [Current DOC : {"name":"3","desc":"this is the desc","created":"2024-08-15T08:42:09.651Z","updated":"2024-08-15T08:42:09.651Z","_id":"3","_rev":"1-b123eafe27f61bb6effb9586dc3f2430"}] : [2024-08-15T08:51:30.302Z]
[PouchDb-1] : [Database] : [Parsed doc = {"name":"3","desc":"this is the desc","created":"2024-08-15T08:42:09.651Z","updated":"2024-08-15T08:42:09.651Z"}] : [2024-08-15T08:51:30.302Z]
[PouchDb-1] : [Database] : [Mapped 3 workspaces to models] : [2024-08-15T08:51:30.302Z]
[PouchDb-1] : [Database] : [Initializing PouchDb] : [2024-08-15T08:54:02.345Z]
[PouchDb-1] : [Database] : [Initialized PouchDb] : [2024-08-15T08:54:02.355Z]
[PouchDb-1] : [Database] : [Fetching workspaces with skip=0 and limit=10] : [2024-08-15T08:54:04.323Z]
[PouchDb-1] : [Database] : [Fetched 3 workspaces] : [2024-08-15T08:54:04.330Z]
[PouchDb-1] : [Database] : [Current Row : {"id":"1","key":"1","value":{"rev":"1-3f07179948a8237b74fef00919285638"},"doc":{"name":"1","desc":"this is the desc","created":"2024-08-15T08:39:25.664Z","updated":"2024-08-15T08:39:25.664Z","_id":"1","_rev":"1-3f07179948a8237b74fef00919285638"}}] : [2024-08-15T08:54:04.330Z]
[PouchDb-1] : [Database] : [Current DOC : {"name":"1","desc":"this is the desc","created":"2024-08-15T08:39:25.664Z","updated":"2024-08-15T08:39:25.664Z","_id":"1","_rev":"1-3f07179948a8237b74fef00919285638"}] : [2024-08-15T08:54:04.331Z]
[PouchDb-1] : [Database] : [Parsed doc = {"name":"1","desc":"this is the desc","created":"2024-08-15T08:39:25.664Z","updated":"2024-08-15T08:39:25.664Z"}] : [2024-08-15T08:54:04.331Z]
[PouchDb-1] : [Database] : [Current Row : {"id":"2","key":"2","value":{"rev":"1-663f2a3fe7743ba3fd8f7170ca9ea794"},"doc":{"name":"2","desc":"this is the desc","created":"2024-08-15T08:39:29.237Z","updated":"2024-08-15T08:39:29.237Z","_id":"2","_rev":"1-663f2a3fe7743ba3fd8f7170ca9ea794"}}] : [2024-08-15T08:54:04.332Z]
[PouchDb-1] : [Database] : [Current DOC : {"name":"2","desc":"this is the desc","created":"2024-08-15T08:39:29.237Z","updated":"2024-08-15T08:39:29.237Z","_id":"2","_rev":"1-663f2a3fe7743ba3fd8f7170ca9ea794"}] : [2024-08-15T08:54:04.332Z]
[PouchDb-1] : [Database] : [Parsed doc = {"name":"2","desc":"this is the desc","created":"2024-08-15T08:39:29.237Z","updated":"2024-08-15T08:39:29.237Z"}] : [2024-08-15T08:54:04.333Z]
[PouchDb-1] : [Database] : [Current Row : {"id":"3","key":"3","value":{"rev":"1-b123eafe27f61bb6effb9586dc3f2430"},"doc":{"name":"3","desc":"this is the desc","created":"2024-08-15T08:42:09.651Z","updated":"2024-08-15T08:42:09.651Z","_id":"3","_rev":"1-b123eafe27f61bb6effb9586dc3f2430"}}] : [2024-08-15T08:54:04.333Z]
[PouchDb-1] : [Database] : [Current DOC : {"name":"3","desc":"this is the desc","created":"2024-08-15T08:42:09.651Z","updated":"2024-08-15T08:42:09.651Z","_id":"3","_rev":"1-b123eafe27f61bb6effb9586dc3f2430"}] : [2024-08-15T08:54:04.333Z]
[PouchDb-1] : [Database] : [Parsed doc = {"name":"3","desc":"this is the desc","created":"2024-08-15T08:42:09.651Z","updated":"2024-08-15T08:42:09.651Z"}] : [2024-08-15T08:54:04.333Z]
[PouchDb-1] : [Database] : [Mapped 3 workspaces to models] : [2024-08-15T08:54:04.334Z]
[PouchDb-1] : [Database] : [Initializing PouchDb] : [2024-08-15T08:55:53.058Z]
[PouchDb-1] : [Database] : [Initialized PouchDb] : [2024-08-15T08:55:53.069Z]
[PouchDb-1] : [Database] : [Fetching workspaces with skip=0 and limit=10] : [2024-08-15T08:55:55.214Z]
[PouchDb-1] : [Database] : [Fetched 3 workspaces] : [2024-08-15T08:55:55.219Z]
[PouchDb-1] : [Database] : [Current Row : {"id":"1","key":"1","value":{"rev":"1-3f07179948a8237b74fef00919285638"},"doc":{"name":"1","desc":"this is the desc","created":"2024-08-15T08:39:25.664Z","updated":"2024-08-15T08:39:25.664Z","_id":"1","_rev":"1-3f07179948a8237b74fef00919285638"}}] : [2024-08-15T08:55:55.219Z]
[PouchDb-1] : [Database] : [Current DOC : {"name":"1","desc":"this is the desc","created":"2024-08-15T08:39:25.664Z","updated":"2024-08-15T08:39:25.664Z","_id":"1","_rev":"1-3f07179948a8237b74fef00919285638"}] : [2024-08-15T08:55:55.220Z]
[PouchDb-1] : [Database] : [Parsed doc = {"name":"1","desc":"this is the desc","created":"2024-08-15T08:39:25.664Z","updated":"2024-08-15T08:39:25.664Z"}] : [2024-08-15T08:55:55.220Z]
[PouchDb-1] : [Database] : [Current Row : {"id":"2","key":"2","value":{"rev":"1-663f2a3fe7743ba3fd8f7170ca9ea794"},"doc":{"name":"2","desc":"this is the desc","created":"2024-08-15T08:39:29.237Z","updated":"2024-08-15T08:39:29.237Z","_id":"2","_rev":"1-663f2a3fe7743ba3fd8f7170ca9ea794"}}] : [2024-08-15T08:55:55.220Z]
[PouchDb-1] : [Database] : [Current DOC : {"name":"2","desc":"this is the desc","created":"2024-08-15T08:39:29.237Z","updated":"2024-08-15T08:39:29.237Z","_id":"2","_rev":"1-663f2a3fe7743ba3fd8f7170ca9ea794"}] : [2024-08-15T08:55:55.221Z]
[PouchDb-1] : [Database] : [Parsed doc = {"name":"2","desc":"this is the desc","created":"2024-08-15T08:39:29.237Z","updated":"2024-08-15T08:39:29.237Z"}] : [2024-08-15T08:55:55.221Z]
[PouchDb-1] : [Database] : [Current Row : {"id":"3","key":"3","value":{"rev":"1-b123eafe27f61bb6effb9586dc3f2430"},"doc":{"name":"3","desc":"this is the desc","created":"2024-08-15T08:42:09.651Z","updated":"2024-08-15T08:42:09.651Z","_id":"3","_rev":"1-b123eafe27f61bb6effb9586dc3f2430"}}] : [2024-08-15T08:55:55.221Z]
[PouchDb-1] : [Database] : [Current DOC : {"name":"3","desc":"this is the desc","created":"2024-08-15T08:42:09.651Z","updated":"2024-08-15T08:42:09.651Z","_id":"3","_rev":"1-b123eafe27f61bb6effb9586dc3f2430"}] : [2024-08-15T08:55:55.222Z]
[PouchDb-1] : [Database] : [Parsed doc = {"name":"3","desc":"this is the desc","created":"2024-08-15T08:42:09.651Z","updated":"2024-08-15T08:42:09.651Z"}] : [2024-08-15T08:55:55.222Z]
[PouchDb-1] : [Database] : [Mapped 3 workspaces to models] : [2024-08-15T08:55:55.222Z]
[PouchDb-1] : [Database] : [Fetching workspaces with skip=0 and limit=10] : [2024-08-15T08:56:09.220Z]
[PouchDb-1] : [Database] : [Fetched 3 workspaces] : [2024-08-15T08:56:09.221Z]
[PouchDb-1] : [Database] : [Current Row : {"id":"1","key":"1","value":{"rev":"1-3f07179948a8237b74fef00919285638"},"doc":{"name":"1","desc":"this is the desc","created":"2024-08-15T08:39:25.664Z","updated":"2024-08-15T08:39:25.664Z","_id":"1","_rev":"1-3f07179948a8237b74fef00919285638"}}] : [2024-08-15T08:56:09.221Z]
[PouchDb-1] : [Database] : [Current DOC : {"name":"1","desc":"this is the desc","created":"2024-08-15T08:39:25.664Z","updated":"2024-08-15T08:39:25.664Z","_id":"1","_rev":"1-3f07179948a8237b74fef00919285638"}] : [2024-08-15T08:56:09.222Z]
[PouchDb-1] : [Database] : [Parsed doc = {"name":"1","desc":"this is the desc","created":"2024-08-15T08:39:25.664Z","updated":"2024-08-15T08:39:25.664Z"}] : [2024-08-15T08:56:09.222Z]
[PouchDb-1] : [Database] : [Current Row : {"id":"2","key":"2","value":{"rev":"1-663f2a3fe7743ba3fd8f7170ca9ea794"},"doc":{"name":"2","desc":"this is the desc","created":"2024-08-15T08:39:29.237Z","updated":"2024-08-15T08:39:29.237Z","_id":"2","_rev":"1-663f2a3fe7743ba3fd8f7170ca9ea794"}}] : [2024-08-15T08:56:09.222Z]
[PouchDb-1] : [Database] : [Current DOC : {"name":"2","desc":"this is the desc","created":"2024-08-15T08:39:29.237Z","updated":"2024-08-15T08:39:29.237Z","_id":"2","_rev":"1-663f2a3fe7743ba3fd8f7170ca9ea794"}] : [2024-08-15T08:56:09.223Z]
[PouchDb-1] : [Database] : [Parsed doc = {"name":"2","desc":"this is the desc","created":"2024-08-15T08:39:29.237Z","updated":"2024-08-15T08:39:29.237Z"}] : [2024-08-15T08:56:09.223Z]
[PouchDb-1] : [Database] : [Current Row : {"id":"3","key":"3","value":{"rev":"1-b123eafe27f61bb6effb9586dc3f2430"},"doc":{"name":"3","desc":"this is the desc","created":"2024-08-15T08:42:09.651Z","updated":"2024-08-15T08:42:09.651Z","_id":"3","_rev":"1-b123eafe27f61bb6effb9586dc3f2430"}}] : [2024-08-15T08:56:09.223Z]
[PouchDb-1] : [Database] : [Current DOC : {"name":"3","desc":"this is the desc","created":"2024-08-15T08:42:09.651Z","updated":"2024-08-15T08:42:09.651Z","_id":"3","_rev":"1-b123eafe27f61bb6effb9586dc3f2430"}] : [2024-08-15T08:56:09.223Z]
[PouchDb-1] : [Database] : [Parsed doc = {"name":"3","desc":"this is the desc","created":"2024-08-15T08:42:09.651Z","updated":"2024-08-15T08:42:09.651Z"}] : [2024-08-15T08:56:09.224Z]
[PouchDb-1] : [Database] : [Mapped 3 workspaces to models] : [2024-08-15T08:56:09.224Z]
[PouchDb-1] : [Database] : [Initializing PouchDb] : [2024-08-15T09:00:17.536Z]
[PouchDb-1] : [Database] : [Initialized PouchDb] : [2024-08-15T09:00:17.546Z]
[PouchDb-1] : [Database] : [Fetching workspaces with skip=1 and limit=10] : [2024-08-15T09:00:19.399Z]
[PouchDb-1] : [Database] : [Fetched 2 workspaces] : [2024-08-15T09:00:19.404Z]
[PouchDb-1] : [Database] : [Current Row : {"id":"2","key":"2","value":{"rev":"1-663f2a3fe7743ba3fd8f7170ca9ea794"},"doc":{"name":"2","desc":"this is the desc","created":"2024-08-15T08:39:29.237Z","updated":"2024-08-15T08:39:29.237Z","_id":"2","_rev":"1-663f2a3fe7743ba3fd8f7170ca9ea794"}}] : [2024-08-15T09:00:19.404Z]
[PouchDb-1] : [Database] : [Current DOC : {"name":"2","desc":"this is the desc","created":"2024-08-15T08:39:29.237Z","updated":"2024-08-15T08:39:29.237Z","_id":"2","_rev":"1-663f2a3fe7743ba3fd8f7170ca9ea794"}] : [2024-08-15T09:00:19.405Z]
[PouchDb-1] : [Database] : [Parsed doc = {"name":"2","desc":"this is the desc","created":"2024-08-15T08:39:29.237Z","updated":"2024-08-15T08:39:29.237Z"}] : [2024-08-15T09:00:19.405Z]
[PouchDb-1] : [Database] : [Current Row : {"id":"3","key":"3","value":{"rev":"1-b123eafe27f61bb6effb9586dc3f2430"},"doc":{"name":"3","desc":"this is the desc","created":"2024-08-15T08:42:09.651Z","updated":"2024-08-15T08:42:09.651Z","_id":"3","_rev":"1-b123eafe27f61bb6effb9586dc3f2430"}}] : [2024-08-15T09:00:19.405Z]
[PouchDb-1] : [Database] : [Current DOC : {"name":"3","desc":"this is the desc","created":"2024-08-15T08:42:09.651Z","updated":"2024-08-15T08:42:09.651Z","_id":"3","_rev":"1-b123eafe27f61bb6effb9586dc3f2430"}] : [2024-08-15T09:00:19.406Z]
[PouchDb-1] : [Database] : [Parsed doc = {"name":"3","desc":"this is the desc","created":"2024-08-15T08:42:09.651Z","updated":"2024-08-15T08:42:09.651Z"}] : [2024-08-15T09:00:19.406Z]
[PouchDb-1] : [Database] : [Mapped 2 workspaces to models] : [2024-08-15T09:00:19.406Z]
[PouchDb-1] : [Database] : [Fetching workspaces with skip=2 and limit=10] : [2024-08-15T09:00:31.087Z]
[PouchDb-1] : [Database] : [Fetched 1 workspaces] : [2024-08-15T09:00:31.088Z]
[PouchDb-1] : [Database] : [Current Row : {"id":"3","key":"3","value":{"rev":"1-b123eafe27f61bb6effb9586dc3f2430"},"doc":{"name":"3","desc":"this is the desc","created":"2024-08-15T08:42:09.651Z","updated":"2024-08-15T08:42:09.651Z","_id":"3","_rev":"1-b123eafe27f61bb6effb9586dc3f2430"}}] : [2024-08-15T09:00:31.089Z]
[PouchDb-1] : [Database] : [Current DOC : {"name":"3","desc":"this is the desc","created":"2024-08-15T08:42:09.651Z","updated":"2024-08-15T08:42:09.651Z","_id":"3","_rev":"1-b123eafe27f61bb6effb9586dc3f2430"}] : [2024-08-15T09:00:31.089Z]
[PouchDb-1] : [Database] : [Parsed doc = {"name":"3","desc":"this is the desc","created":"2024-08-15T08:42:09.651Z","updated":"2024-08-15T08:42:09.651Z"}] : [2024-08-15T09:00:31.089Z]
[PouchDb-1] : [Database] : [Mapped 1 workspaces to models] : [2024-08-15T09:00:31.090Z]
[PouchDb-1] : [Database] : [Initializing PouchDb] : [2024-08-15T09:06:25.714Z]
[PouchDb-1] : [Database] : [Initialized PouchDb] : [2024-08-15T09:06:25.725Z]
[PouchDb-1] : [Database] : [Workspace 4 created successfully] : [2024-08-15T09:06:54.270Z]
[PouchDb-1] : [Database] : [Fetching workspaces with skip=2 and limit=10] : [2024-08-15T09:06:56.336Z]
[PouchDb-1] : [Database] : [Fetched 2 workspaces] : [2024-08-15T09:06:56.341Z]
[PouchDb-1] : [Database] : [Current Row : {"id":"3","key":"3","value":{"rev":"1-b123eafe27f61bb6effb9586dc3f2430"},"doc":{"name":"3","desc":"this is the desc","created":"2024-08-15T08:42:09.651Z","updated":"2024-08-15T08:42:09.651Z","_id":"3","_rev":"1-b123eafe27f61bb6effb9586dc3f2430"}}] : [2024-08-15T09:06:56.341Z]
[PouchDb-1] : [Database] : [Current DOC : {"name":"3","desc":"this is the desc","created":"2024-08-15T08:42:09.651Z","updated":"2024-08-15T08:42:09.651Z","_id":"3","_rev":"1-b123eafe27f61bb6effb9586dc3f2430"}] : [2024-08-15T09:06:56.342Z]
[PouchDb-1] : [Database] : [Parsed doc = {"name":"3","desc":"this is the desc","created":"2024-08-15T08:42:09.651Z","updated":"2024-08-15T08:42:09.651Z"}] : [2024-08-15T09:06:56.342Z]
[PouchDb-1] : [Database] : [Current Row : {"id":"4","key":"4","value":{"rev":"1-e06b8d865b9ca8faea3978d371eab15e"},"doc":{"name":"4","desc":"this is the desc","created":"2024-08-15T09:06:54.267Z","updated":"2024-08-15T09:06:54.267Z","_id":"4","_rev":"1-e06b8d865b9ca8faea3978d371eab15e"}}] : [2024-08-15T09:06:56.343Z]
[PouchDb-1] : [Database] : [Current DOC : {"name":"4","desc":"this is the desc","created":"2024-08-15T09:06:54.267Z","updated":"2024-08-15T09:06:54.267Z","_id":"4","_rev":"1-e06b8d865b9ca8faea3978d371eab15e"}] : [2024-08-15T09:06:56.343Z]
[PouchDb-1] : [Database] : [Parsed doc = {"name":"4","desc":"this is the desc","created":"2024-08-15T09:06:54.267Z","updated":"2024-08-15T09:06:54.267Z"}] : [2024-08-15T09:06:56.344Z]
[PouchDb-1] : [Database] : [Mapped 2 workspaces to models] : [2024-08-15T09:06:56.344Z]
