[WorkspaceFactory-1] : [Factory] : [Building Workspace Service with option undefined] : [2024-08-15T08:23:39.566Z]
[WorkspaceFactory-1] : [Factory] : [Initializing Workspace service] : [2024-08-15T08:23:39.567Z]
[DatabaseFactory-1] : [Factory] : [Building Database Adapter with option undefined] : [2024-08-15T08:23:39.567Z]
[DatabaseFactory-1] : [Factory] : [Building PouchDb Adapter] : [2024-08-15T08:23:39.568Z]
[DatabaseFactory-1] : [Factory] : [Initializing PouchDb Adapter] : [2024-08-15T08:23:39.569Z]
[DatabaseFactory-1] : [Factory] : [Initialized PouchDb Adapter] : [2024-08-15T08:23:39.581Z]
[WorkspaceFactory-1] : [Factory] : [Initialized Workspace Service] : [2024-08-15T08:23:39.582Z]
[WorkspaceFactory-1] : [Factory] : [Building Workspace Service with option undefined] : [2024-08-15T08:37:35.932Z]
[WorkspaceFactory-1] : [Factory] : [Initializing Workspace service] : [2024-08-15T08:37:35.933Z]
[DatabaseFactory-1] : [Factory] : [Building Database Adapter with option undefined] : [2024-08-15T08:37:35.933Z]
[DatabaseFactory-1] : [Factory] : [Building PouchDb Adapter] : [2024-08-15T08:37:35.934Z]
[DatabaseFactory-1] : [Factory] : [Initializing PouchDb Adapter] : [2024-08-15T08:37:35.935Z]
[DatabaseFactory-1] : [Factory] : [Initialized PouchDb Adapter] : [2024-08-15T08:37:35.948Z]
[WorkspaceFactory-1] : [Factory] : [Initialized Workspace Service] : [2024-08-15T08:37:35.949Z]
[WorkspaceFactory-1] : [Factory] : [Building Workspace Service with option undefined] : [2024-08-15T08:38:32.054Z]
[WorkspaceFactory-1] : [Factory] : [Initializing Workspace service] : [2024-08-15T08:38:32.054Z]
[DatabaseFactory-1] : [Factory] : [Building Database Adapter with option undefined] : [2024-08-15T08:38:32.055Z]
[DatabaseFactory-1] : [Factory] : [Building PouchDb Adapter] : [2024-08-15T08:38:32.055Z]
[DatabaseFactory-1] : [Factory] : [Initializing PouchDb Adapter] : [2024-08-15T08:38:32.056Z]
[DatabaseFactory-1] : [Factory] : [Initialized PouchDb Adapter] : [2024-08-15T08:38:32.069Z]
[WorkspaceFactory-1] : [Factory] : [Initialized Workspace Service] : [2024-08-15T08:38:32.069Z]
[WorkspaceFactory-1] : [Factory] : [Building Workspace Service with option undefined] : [2024-08-15T08:39:07.698Z]
[WorkspaceFactory-1] : [Factory] : [Initializing Workspace service] : [2024-08-15T08:39:07.699Z]
[DatabaseFactory-1] : [Factory] : [Building Database Adapter with option undefined] : [2024-08-15T08:39:07.700Z]
[DatabaseFactory-1] : [Factory] : [Building PouchDb Adapter] : [2024-08-15T08:39:07.700Z]
[DatabaseFactory-1] : [Factory] : [Initializing PouchDb Adapter] : [2024-08-15T08:39:07.701Z]
[DatabaseFactory-1] : [Factory] : [Initialized PouchDb Adapter] : [2024-08-15T08:39:07.715Z]
[WorkspaceFactory-1] : [Factory] : [Initialized Workspace Service] : [2024-08-15T08:39:07.750Z]
[WorkspaceFactory-1] : [Factory] : [Building Workspace Service with option undefined] : [2024-08-15T08:41:49.624Z]
[WorkspaceFactory-1] : [Factory] : [Initializing Workspace service] : [2024-08-15T08:41:49.625Z]
[DatabaseFactory-1] : [Factory] : [Building Database Adapter with option undefined] : [2024-08-15T08:41:49.626Z]
[DatabaseFactory-1] : [Factory] : [Building PouchDb Adapter] : [2024-08-15T08:41:49.626Z]
[DatabaseFactory-1] : [Factory] : [Initializing PouchDb Adapter] : [2024-08-15T08:41:49.627Z]
[DatabaseFactory-1] : [Factory] : [Initialized PouchDb Adapter] : [2024-08-15T08:41:49.640Z]
[WorkspaceFactory-1] : [Factory] : [Initialized Workspace Service] : [2024-08-15T08:41:49.641Z]
[WorkspaceFactory-1] : [Factory] : [Building Workspace Service with option undefined] : [2024-08-15T08:45:21.455Z]
[WorkspaceFactory-1] : [Factory] : [Initializing Workspace service] : [2024-08-15T08:45:21.456Z]
[DatabaseFactory-1] : [Factory] : [Building Database Adapter with option undefined] : [2024-08-15T08:45:21.457Z]
[DatabaseFactory-1] : [Factory] : [Building PouchDb Adapter] : [2024-08-15T08:45:21.457Z]
[DatabaseFactory-1] : [Factory] : [Initializing PouchDb Adapter] : [2024-08-15T08:45:21.458Z]
[DatabaseFactory-1] : [Factory] : [Initialized PouchDb Adapter] : [2024-08-15T08:45:21.471Z]
[WorkspaceFactory-1] : [Factory] : [Initialized Workspace Service] : [2024-08-15T08:45:21.471Z]
[WorkspaceFactory-1] : [Factory] : [Building Workspace Service with option undefined] : [2024-08-15T08:46:18.213Z]
[WorkspaceFactory-1] : [Factory] : [Initializing Workspace service] : [2024-08-15T08:46:18.214Z]
[DatabaseFactory-1] : [Factory] : [Building Database Adapter with option undefined] : [2024-08-15T08:46:18.214Z]
[DatabaseFactory-1] : [Factory] : [Building PouchDb Adapter] : [2024-08-15T08:46:18.215Z]
[DatabaseFactory-1] : [Factory] : [Initializing PouchDb Adapter] : [2024-08-15T08:46:18.215Z]
[DatabaseFactory-1] : [Factory] : [Initialized PouchDb Adapter] : [2024-08-15T08:46:18.228Z]
[WorkspaceFactory-1] : [Factory] : [Initialized Workspace Service] : [2024-08-15T08:46:18.228Z]
[WorkspaceFactory-1] : [Factory] : [Building Workspace Service with option undefined] : [2024-08-15T08:51:28.669Z]
[WorkspaceFactory-1] : [Factory] : [Initializing Workspace service] : [2024-08-15T08:51:28.669Z]
[DatabaseFactory-1] : [Factory] : [Building Database Adapter with option undefined] : [2024-08-15T08:51:28.670Z]
[DatabaseFactory-1] : [Factory] : [Building PouchDb Adapter] : [2024-08-15T08:51:28.670Z]
[DatabaseFactory-1] : [Factory] : [Initializing PouchDb Adapter] : [2024-08-15T08:51:28.671Z]
[DatabaseFactory-1] : [Factory] : [Initialized PouchDb Adapter] : [2024-08-15T08:51:28.682Z]
[WorkspaceFactory-1] : [Factory] : [Initialized Workspace Service] : [2024-08-15T08:51:28.683Z]
[WorkspaceFactory-1] : [Factory] : [Building Workspace Service with option undefined] : [2024-08-15T08:54:02.342Z]
[WorkspaceFactory-1] : [Factory] : [Initializing Workspace service] : [2024-08-15T08:54:02.343Z]
[DatabaseFactory-1] : [Factory] : [Building Database Adapter with option undefined] : [2024-08-15T08:54:02.343Z]
[DatabaseFactory-1] : [Factory] : [Building PouchDb Adapter] : [2024-08-15T08:54:02.344Z]
[DatabaseFactory-1] : [Factory] : [Initializing PouchDb Adapter] : [2024-08-15T08:54:02.345Z]
[DatabaseFactory-1] : [Factory] : [Initialized PouchDb Adapter] : [2024-08-15T08:54:02.356Z]
[WorkspaceFactory-1] : [Factory] : [Initialized Workspace Service] : [2024-08-15T08:54:02.357Z]
[WorkspaceFactory-1] : [Factory] : [Building Workspace Service with option undefined] : [2024-08-15T08:55:53.055Z]
[WorkspaceFactory-1] : [Factory] : [Initializing Workspace service] : [2024-08-15T08:55:53.056Z]
[DatabaseFactory-1] : [Factory] : [Building Database Adapter with option undefined] : [2024-08-15T08:55:53.057Z]
[DatabaseFactory-1] : [Factory] : [Building PouchDb Adapter] : [2024-08-15T08:55:53.057Z]
[DatabaseFactory-1] : [Factory] : [Initializing PouchDb Adapter] : [2024-08-15T08:55:53.058Z]
[DatabaseFactory-1] : [Factory] : [Initialized PouchDb Adapter] : [2024-08-15T08:55:53.070Z]
[WorkspaceFactory-1] : [Factory] : [Initialized Workspace Service] : [2024-08-15T08:55:53.071Z]
[WorkspaceFactory-1] : [Factory] : [Building Workspace Service with option undefined] : [2024-08-15T09:00:17.533Z]
[WorkspaceFactory-1] : [Factory] : [Initializing Workspace service] : [2024-08-15T09:00:17.534Z]
[DatabaseFactory-1] : [Factory] : [Building Database Adapter with option undefined] : [2024-08-15T09:00:17.534Z]
[DatabaseFactory-1] : [Factory] : [Building PouchDb Adapter] : [2024-08-15T09:00:17.535Z]
[DatabaseFactory-1] : [Factory] : [Initializing PouchDb Adapter] : [2024-08-15T09:00:17.536Z]
[DatabaseFactory-1] : [Factory] : [Initialized PouchDb Adapter] : [2024-08-15T09:00:17.548Z]
[WorkspaceFactory-1] : [Factory] : [Initialized Workspace Service] : [2024-08-15T09:00:17.549Z]
[WorkspaceFactory-1] : [Factory] : [Building Workspace Service with option undefined] : [2024-08-15T09:06:25.711Z]
[WorkspaceFactory-1] : [Factory] : [Initializing Workspace service] : [2024-08-15T09:06:25.712Z]
[DatabaseFactory-1] : [Factory] : [Building Database Adapter with option undefined] : [2024-08-15T09:06:25.712Z]
[DatabaseFactory-1] : [Factory] : [Building PouchDb Adapter] : [2024-08-15T09:06:25.713Z]
[DatabaseFactory-1] : [Factory] : [Initializing PouchDb Adapter] : [2024-08-15T09:06:25.714Z]
[DatabaseFactory-1] : [Factory] : [Initialized PouchDb Adapter] : [2024-08-15T09:06:25.727Z]
[WorkspaceFactory-1] : [Factory] : [Initialized Workspace Service] : [2024-08-15T09:06:25.728Z]
