[WorkspaceService-1] : [Service] : [Initializing Workspace Service] : [2024-08-15T08:23:39.567Z]
[WorkspaceService-1] : [Service] : [Initialized Workspace Service] : [2024-08-15T08:23:39.582Z]
[WorkspaceService-1] : [Service] : [Initializing Workspace Service] : [2024-08-15T08:37:35.933Z]
[WorkspaceService-1] : [Service] : [Initialized Workspace Service] : [2024-08-15T08:37:35.948Z]
[WorkspaceService-1] : [Service] : [Initializing Workspace Service] : [2024-08-15T08:38:32.055Z]
[WorkspaceService-1] : [Service] : [Initialized Workspace Service] : [2024-08-15T08:38:32.069Z]
[WorkspaceService-1] : [Service] : [Initializing Workspace Service] : [2024-08-15T08:39:07.699Z]
[WorkspaceService-1] : [Service] : [Initialized Workspace Service] : [2024-08-15T08:39:07.715Z]
[WorkspaceService-1] : [Service] : [Create Workspace Called with Payload {"name":"1","desc":"this is the desc"}] : [2024-08-15T08:39:25.663Z]
[WorkspaceService-1] : [Service] : [Created New Workspace. Dispatching event {"name":"1","desc":"this is the desc","created":"2024-08-15T08:39:25.664Z","updated":"2024-08-15T08:39:25.664Z"}] : [2024-08-15T08:39:25.666Z]
[WorkspaceService-1] : [Service] : [Create Workspace Called with Payload {"name":"2","desc":"this is the desc"}] : [2024-08-15T08:39:29.236Z]
[WorkspaceService-1] : [Service] : [Created New Workspace. Dispatching event {"name":"2","desc":"this is the desc","created":"2024-08-15T08:39:29.237Z","updated":"2024-08-15T08:39:29.237Z"}] : [2024-08-15T08:39:29.238Z]
[WorkspaceService-1] : [Service] : [Initializing Workspace Service] : [2024-08-15T08:41:49.626Z]
[WorkspaceService-1] : [Service] : [Initialized Workspace Service] : [2024-08-15T08:41:49.640Z]
[WorkspaceService-1] : [Service] : [Create Workspace Called with Payload {"name":"3","desc":"this is the desc"}] : [2024-08-15T08:42:09.650Z]
[WorkspaceService-1] : [Service] : [Created New Workspace. Dispatching event {"name":"3","desc":"this is the desc","created":"2024-08-15T08:42:09.651Z","updated":"2024-08-15T08:42:09.651Z"}] : [2024-08-15T08:42:09.655Z]
[WorkspaceService-1] : [Service] : [Initializing Workspace Service] : [2024-08-15T08:45:21.456Z]
[WorkspaceService-1] : [Service] : [Initialized Workspace Service] : [2024-08-15T08:45:21.471Z]
[WorkspaceService-1] : [Service] : [Initializing Workspace Service] : [2024-08-15T08:46:18.214Z]
[WorkspaceService-1] : [Service] : [Initialized Workspace Service] : [2024-08-15T08:46:18.228Z]
[WorkspaceService-1] : [Service] : [Initializing Workspace Service] : [2024-08-15T08:51:28.670Z]
[WorkspaceService-1] : [Service] : [Initialized Workspace Service] : [2024-08-15T08:51:28.683Z]
[WorkspaceService-1] : [Service] : [Initializing Workspace Service] : [2024-08-15T08:54:02.343Z]
[WorkspaceService-1] : [Service] : [Initialized Workspace Service] : [2024-08-15T08:54:02.357Z]
[WorkspaceService-1] : [Service] : [GetWorkspaces with limit : 10 and skip : 0] : [2024-08-15T08:54:04.322Z]
[WorkspaceService-1] : [Service] : [Workspaces retreived = [{"name":"1","desc":"this is the desc","created":"2024-08-15T08:39:25.664Z","updated":"2024-08-15T08:39:25.664Z"},{"name":"2","desc":"this is the desc","created":"2024-08-15T08:39:29.237Z","updated":"2024-08-15T08:39:29.237Z"},{"name":"3","desc":"this is the desc","created":"2024-08-15T08:42:09.651Z","updated":"2024-08-15T08:42:09.651Z"}]] : [2024-08-15T08:54:04.334Z]
[WorkspaceService-1] : [Service] : [Initializing Workspace Service] : [2024-08-15T08:55:53.056Z]
[WorkspaceService-1] : [Service] : [Initialized Workspace Service] : [2024-08-15T08:55:53.071Z]
[WorkspaceService-1] : [Service] : [GetWorkspaces with limit : 10 and skip : 0] : [2024-08-15T08:55:55.214Z]
[WorkspaceService-1] : [Service] : [Workspaces retreived = [{"name":"1","desc":"this is the desc","created":"2024-08-15T08:39:25.664Z","updated":"2024-08-15T08:39:25.664Z"},{"name":"2","desc":"this is the desc","created":"2024-08-15T08:39:29.237Z","updated":"2024-08-15T08:39:29.237Z"},{"name":"3","desc":"this is the desc","created":"2024-08-15T08:42:09.651Z","updated":"2024-08-15T08:42:09.651Z"}]] : [2024-08-15T08:55:55.223Z]
[WorkspaceService-1] : [Service] : [GetWorkspaces with limit : 10 and skip : 0] : [2024-08-15T08:56:09.219Z]
[WorkspaceService-1] : [Service] : [Workspaces retreived = [{"name":"1","desc":"this is the desc","created":"2024-08-15T08:39:25.664Z","updated":"2024-08-15T08:39:25.664Z"},{"name":"2","desc":"this is the desc","created":"2024-08-15T08:39:29.237Z","updated":"2024-08-15T08:39:29.237Z"},{"name":"3","desc":"this is the desc","created":"2024-08-15T08:42:09.651Z","updated":"2024-08-15T08:42:09.651Z"}]] : [2024-08-15T08:56:09.224Z]
[WorkspaceService-1] : [Service] : [Initializing Workspace Service] : [2024-08-15T09:00:17.534Z]
[WorkspaceService-1] : [Service] : [Initialized Workspace Service] : [2024-08-15T09:00:17.548Z]
[WorkspaceService-1] : [Service] : [GetWorkspaces with limit : 10 and skip : 1] : [2024-08-15T09:00:19.398Z]
[WorkspaceService-1] : [Service] : [Workspaces retreived = [{"name":"2","desc":"this is the desc","created":"2024-08-15T08:39:29.237Z","updated":"2024-08-15T08:39:29.237Z"},{"name":"3","desc":"this is the desc","created":"2024-08-15T08:42:09.651Z","updated":"2024-08-15T08:42:09.651Z"}]] : [2024-08-15T09:00:19.407Z]
[WorkspaceService-1] : [Service] : [GetWorkspaces with limit : 10 and skip : 2] : [2024-08-15T09:00:31.086Z]
[WorkspaceService-1] : [Service] : [Workspaces retreived = [{"name":"3","desc":"this is the desc","created":"2024-08-15T08:42:09.651Z","updated":"2024-08-15T08:42:09.651Z"}]] : [2024-08-15T09:00:31.090Z]
[WorkspaceService-1] : [Service] : [Initializing Workspace Service] : [2024-08-15T09:06:25.712Z]
[WorkspaceService-1] : [Service] : [Initialized Workspace Service] : [2024-08-15T09:06:25.727Z]
[WorkspaceService-1] : [Service] : [Create Workspace Called with Payload {"name":"4","desc":"this is the desc"}] : [2024-08-15T09:06:54.266Z]
[WorkspaceService-1] : [Service] : [Created New Workspace. Dispatching event {"name":"4","desc":"this is the desc","created":"2024-08-15T09:06:54.267Z","updated":"2024-08-15T09:06:54.267Z"}] : [2024-08-15T09:06:54.271Z]
[WorkspaceService-1] : [Service] : [GetWorkspaces with limit : 10 and skip : 2] : [2024-08-15T09:06:56.335Z]
[WorkspaceService-1] : [Service] : [Workspaces retreived = [{"name":"3","desc":"this is the desc","created":"2024-08-15T08:42:09.651Z","updated":"2024-08-15T08:42:09.651Z"},{"name":"4","desc":"this is the desc","created":"2024-08-15T09:06:54.267Z","updated":"2024-08-15T09:06:54.267Z"}]] : [2024-08-15T09:06:56.345Z]
